flow_vips.log.txt    Numerical    33907460    0.0008476865    159493120    3755630939    1056.59221888
flow_vips.log.txt    Numerical    33907460    0.0008476865    159493120    3755630939    1055.48299193
flow_vips.log.txt    Random1    41935780    0.0010483945    169289728    9692131935    2525.24801493
flow_vips.log.txt    Random2    34270620    0.0008567655    160273920    2670864164    650.544833899
flow_vips.log.txt    Random3    32197520    0.000804938    170331648    1632682983    390.228668928
flow_vips.log.txt    nNeighbor    34379180    0.0008594795    166157824    3445467009    903.030143976
flow_swaptions.log.txt    Numerical    19428140    0.0004857035    59405312    24533823    9.03498697281
flow_swaptions.log.txt    Random1    19453140    0.0004863285    70599168    312912380    71.0144028664
flow_swaptions.log.txt    Random2    20909060    0.0005227265    85459456    743690584    183.840631962
flow_swaptions.log.txt    Random3    19470680    0.000486767    66436608    232844850    46.3459889889
flow_swaptions.log.txt    nNeighbor    19459700    0.0004864925    70551040    264277547    64.8771750927
flow_streamcluster.log.txt    Numerical    15605200    0.00039013    126187520    4308928953    1495.46608305
flow_streamcluster.log.txt    Random1    15409700    0.0003852425    131801600    4695978599    1650.8349731
flow_streamcluster.log.txt    Random2    16811880    0.000420297    127118848    5075898835    1712.97427082
flow_streamcluster.log.txt    Random3    16577420    0.0004144355    126683648    4909149034    1645.75987387
flow_streamcluster.log.txt    nNeighbor    14456980    0.0003614245    128140288    3925540245    1335.48733997
flow_raytrace.log.txt    Numerical    43943240    0.001098581    302099968    27526370965    12559.1943028
flow_raytrace.log.txt    Random1    35903240    0.000897581    309244928    20502613426    9520.30160618
flow_raytrace.log.txt    Random2    35942900    0.0008985725    300424704    21474716054    10276.658963
flow_raytrace.log.txt    Random3    41509640    0.001037741    309985792    26686445500    12212.5613229
flow_raytrace.log.txt    nNeighbor    36380680    0.000909517    299196416    21887032249    10354.6482439
flow_freqmine.log.txt    Numerical    12240900    0.0003060225    19175424    36656204    8.58567810059
flow_freqmine.log.txt    Random1    12243740    0.0003060935    19630080    47418527    11.4564540386
flow_freqmine.log.txt    Random2    12244380    0.0003061095    18412544    57480680    13.1579020023
flow_freqmine.log.txt    Random3    12244380    0.0003061095    17917952    55552243    12.1878619194
flow_freqmine.log.txt    nNeighbor    12244380    0.0003061095    18461184    47727987    11.6172499657
flow_fluidanimate.log.txt    Numerical    38875240    0.000971881    363291648    42622847473    20808.3981719
flow_fluidanimate.log.txt    Random1    39057940    0.0009764485    373500928    42980881456    21127.5730371
flow_fluidanimate.log.txt    Random2    43126640    0.001078166    353143296    46929784097    22470.0563881
flow_fluidanimate.log.txt    Random3    38316880    0.000957922    353760256    39975225528    19440.5574009
flow_fluidanimate.log.txt    nNeighbor    38053120    0.000951328    355467264    45204032873    22321.4490819
flow_dedup.log.txt    Numerical    9422260    0.0002355565    68827648    284645424    66.0824890137
flow_dedup.log.txt    Random1    10141940    0.0002535485    63630848    478435397    107.839055061
flow_dedup.log.txt    Random2    9335760    0.000233394    66685440    236962826    58.3172719479
flow_dedup.log.txt    Random3    8943220    0.0002235805    65785344    252678806    58.6076750755
flow_dedup.log.txt    nNeighbor    8747800    0.000218695    66869760    239857409    54.688215971
flow_canneal.log.txt    Numerical    48043500    0.0012010875    394987008    56970074093    27866.8112011
flow_canneal.log.txt    Random1    52816540    0.0013204135    400017920    68540002773    34775.4875209
flow_canneal.log.txt    Random2    47767600    0.00119419    399153664    65020697939    32476.4462221
flow_canneal.log.txt    Random3    60717480    0.001517937    395238912    81028545579    39237.991246
flow_canneal.log.txt    nNeighbor    57279660    0.0014319915    401006080    74851368274    36747.0769491
flow_blackscholes.log.txt    Numerical    3752140    9.38035e-05    30682624    202016313    50.4104781151
flow_blackscholes.log.txt    Random1    3872900    9.68225e-05    32170496    221427655    54.1263730526
flow_blackscholes.log.txt    Random2    3388080    8.4702e-05    30219776    194612904    49.697188139
flow_blackscholes.log.txt    Random3    3438440    8.5961e-05    30056960    204832098    51.1678619385
flow_blackscholes.log.txt    nNeighbor    3832160    9.5804e-05    30328320    217054023    53.107254982
flow_barnes.log.txt    Numerical    65718640    0.001642966    483525120    57505437451    27953.5284259
flow_barnes.log.txt    Random1    95516120    0.002387903    487201280    151215698479    75251.5402799
flow_barnes.log.txt    Random2    81357900    0.0020339475    493902336    111212071702    57822.3647509
