flow_swaptions.log.txt    Numerical    19425341    0.000485633525    14851328        31.6126549244
flow_swaptions.log.txt    Random1    19425341    0.000485633525    31668096        32.3524479866
flow_swaptions.log.txt    Random2    19425341    0.000485633525    45153408        45.6831829548
flow_swaptions.log.txt    Random3    19425341    0.000485633525    59478144        32.7105619907
flow_swaptions.log.txt    nNeighbor    19425341    0.000485633525    79378432        35.203772068
flow_dedup.log.txt    Numerical    8744101    0.000218602525    96585344        25.6085050106
flow_dedup.log.txt    Random1    8744101    0.000218602525    112464640        25.9978499413
flow_dedup.log.txt    Random2    8744101    0.000218602525    128675840        28.0454490185
flow_dedup.log.txt    Random3    8744101    0.000218602525    144817280        29.7180130482
flow_dedup.log.txt    nNeighbor    8744101    0.000218602525    160893312        73.7168300152
flow_freqmine.log.txt    Numerical    12237781    0.000305944525    165687168        19.9470441341
flow_freqmine.log.txt    Random1    12237781    0.000305944525    171020288        19.6801309586
flow_freqmine.log.txt    Random2    12237781    0.000305944525    175186176        19.8283901215
flow_freqmine.log.txt    Random3    12237781    0.000305944525    179167616        19.8441560268
flow_freqmine.log.txt    nNeighbor    12237781    0.000305944525    183163392        22.8825070858
flow_canneal.log.txt    Numerical    10014981    0.000250374525    281910144        125.866464853
flow_canneal.log.txt    Random1    10014981    0.000250374525    382806528        125.630478859
flow_canneal.log.txt    Random2    10014981    0.000250374525    482253184        98.3980031013
flow_canneal.log.txt    Random3    10014981    0.000250374525    580344704        143.835971832
flow_canneal.log.txt    nNeighbor    10017215    0.000250430375    680143360        1527.26873899
flow_vips.log.txt    Numerical    32196981    0.000804924525    720016640        65.5630640984
flow_vips.log.txt    Random1    32196981    0.000804924525    762797184        76.352643013
flow_vips.log.txt    Random2    32196981    0.000804924525    805217408        80.9794239998
flow_vips.log.txt    Random3    32196981    0.000804924525    846920576        73.2157008648
flow_vips.log.txt    nNeighbor    32196981    0.000804924525    889298432        91.4150729179
flow_blackscholes.log.txt    Numerical    2165201    5.4130025e-05    896969088        6.23165297508
flow_blackscholes.log.txt    Random1    2165201    5.4130025e-05    905076352        6.3881111145
flow_blackscholes.log.txt    Random2    2165201    5.4130025e-05    912883328        7.04013609886
flow_blackscholes.log.txt    Random3    2165201    5.4130025e-05    920568576        7.60924005508
flow_blackscholes.log.txt    nNeighbor    2165201    5.4130025e-05    928442368        46.4190359116
flow_barnes.log.txt    Numerical    23039401    0.000575985025    1049323648        91.8120229244
flow_barnes.log.txt    Random1    23039401    0.000575985025    1171672192        86.3121221066
flow_barnes.log.txt    Random2    23039401    0.000575985025    1294234752        92.8064520359
flow_barnes.log.txt    Random3    23039401    0.000575985025    1417851264        100.040323019
flow_barnes.log.txt    nNeighbor    23039401    0.000575985025    1539316352        282.689540863
